TN:
SF:src/api/auth.api.ts
FN:8,(anonymous_0)
FN:12,(anonymous_1)
FNF:2
FNH:2
FNDA:8,(anonymous_0)
FNDA:7,(anonymous_1)
DA:1,2
DA:5,2
DA:7,2
DA:9,8
DA:13,7
LF:5
LH:5
BRF:0
BRH:0
end_of_record
TN:
SF:src/api/cart.api.ts
FN:6,(anonymous_0)
FN:10,(anonymous_1)
FN:14,(anonymous_2)
FNF:3
FNH:3
FNDA:25,(anonymous_0)
FNDA:10,(anonymous_1)
FNDA:4,(anonymous_2)
DA:1,4
DA:5,4
DA:7,25
DA:11,10
DA:15,4
LF:5
LH:5
BRF:0
BRH:0
end_of_record
TN:
SF:src/api/orders.api.ts
FN:6,(anonymous_0)
FN:10,(anonymous_1)
FN:14,(anonymous_2)
FNF:3
FNH:3
FNDA:18,(anonymous_0)
FNDA:7,(anonymous_1)
FNDA:5,(anonymous_2)
DA:1,3
DA:5,3
DA:7,18
DA:11,7
DA:15,5
LF:5
LH:5
BRF:0
BRH:0
end_of_record
TN:
SF:src/api/payments.api.ts
FN:6,(anonymous_0)
FN:10,(anonymous_1)
FNF:2
FNH:2
FNDA:14,(anonymous_0)
FNDA:6,(anonymous_1)
DA:1,2
DA:5,2
DA:7,14
DA:11,6
LF:4
LH:4
BRF:0
BRH:0
end_of_record
TN:
SF:src/api/products.api.ts
FN:8,(anonymous_0)
FN:12,(anonymous_1)
FNF:2
FNH:2
FNDA:8,(anonymous_0)
FNDA:5,(anonymous_1)
DA:1,2
DA:5,2
DA:7,2
DA:9,8
DA:13,5
LF:5
LH:5
BRF:0
BRH:0
end_of_record
TN:
SF:src/client/axios.client.ts
FN:12,createClient
FN:16,(anonymous_11)
FN:23,createAuthClient
FN:30,(anonymous_13)
FNF:4
FNH:4
FNDA:7,createClient
FNDA:31,(anonymous_11)
FNDA:89,createAuthClient
FNDA:89,(anonymous_13)
DA:1,6
DA:2,6
DA:3,6
DA:5,6
DA:7,6
DA:12,6
DA:13,7
DA:16,31
DA:23,6
DA:24,89
DA:30,89
LF:11
LH:11
BRDA:7,0,0,6
BRDA:7,0,1,0
BRF:2
BRH:1
end_of_record
TN:
SF:src/helpers/auth.helper.ts
FN:14,getAdminToken
FN:34,clearTokenCache
FNF:2
FNH:1
FNDA:3,getAdminToken
FNDA:0,clearTokenCache
DA:1,3
DA:2,3
DA:3,3
DA:6,3
DA:8,3
DA:14,3
DA:15,3
DA:17,3
DA:18,3
DA:23,3
DA:24,0
DA:29,3
DA:30,3
DA:34,3
DA:35,0
LF:15
LH:13
BRDA:15,0,0,0
BRDA:19,1,0,3
BRDA:19,1,1,0
BRDA:20,2,0,3
BRDA:20,2,1,0
BRDA:23,3,0,0
BRDA:23,4,0,3
BRDA:23,4,1,3
BRF:8
BRH:4
end_of_record
